<?xml version="1.0" encoding="UTF-8"?>
<testsuite xmlns:xsi="http://www.w3.org/2001/XMLSchema-instance" xsi:noNamespaceSchemaLocation="https://maven.apache.org/surefire/maven-surefire-plugin/xsd/surefire-test-report-3.0.xsd" version="3.0" name="in.zoukme.zouk_album.ZoukAlbumApplicationTests" time="2.4" tests="1" errors="0" skipped="0" failures="0">
  <properties>
[...]
</properties>
  <testcase name="contextLoads" classname="in.zoukme.zouk_album.ZoukAlbumApplicationTests" time="0.421">
    <system-out><![CDATA[13:16:22.081 [main] INFO org.springframework.test.context.support.AnnotationConfigContextLoaderUtils -- Could not detect default configuration classes for test class [in.zoukme.zouk_album.ZoukAlbumApplicationTests]: ZoukAlbumApplicationTests does not declare any static, non-private, non-final, nested classes annotated with @Configuration.
13:16:22.146 [main] INFO org.springframework.boot.test.context.SpringBootTestContextBootstrapper -- Found @SpringBootConfiguration in.zoukme.zouk_album.ZoukAlbumApplication for test class in.zoukme.zouk_album.ZoukAlbumApplicationTests
13:16:22.227 [main] INFO org.springframework.boot.devtools.restart.RestartApplicationListener -- Restart disabled due to context in which it is running

  .   ____          _            __ _ _
 /\\ / ___'_ __ _ _(_)_ __  __ _ \ \ \ \
( ( )\___ | '_ | '_| | '_ \/ _` | \ \ \ \
 \\/  ___)| |_)| | | | | || (_| |  ) ) ) )
  '  |____| .__|_| |_|_| |_\__, | / / / /
 =========|_|==============|___/=/_/_/_/

 :: Spring Boot ::                (v3.3.5)

2024-11-08T13:16:22.379-03:00  INFO 17968 --- [zouk-albums] [           main] i.z.z.ZoukAlbumApplicationTests          : Starting ZoukAlbumApplicationTests using Java 23 with PID 17968 (started by valdemar.barros in /Users/valdemar.barros/personal/zouk-album)
2024-11-08T13:16:22.379-03:00  INFO 17968 --- [zouk-albums] [           main] i.z.z.ZoukAlbumApplicationTests          : No active profile set, falling back to 1 default profile: "default"
2024-11-08T13:16:22.759-03:00  INFO 17968 --- [zouk-albums] [           main] .s.d.r.c.RepositoryConfigurationDelegate : Bootstrapping Spring Data JDBC repositories in DEFAULT mode.
2024-11-08T13:16:22.810-03:00  INFO 17968 --- [zouk-albums] [           main] .s.d.r.c.RepositoryConfigurationDelegate : Finished Spring Data repository scanning in 48 ms. Found 2 JDBC repository interfaces.
2024-11-08T13:16:23.198-03:00  INFO 17968 --- [zouk-albums] [           main] com.zaxxer.hikari.HikariDataSource       : HikariPool-1 - Starting...
2024-11-08T13:16:23.409-03:00  INFO 17968 --- [zouk-albums] [           main] com.zaxxer.hikari.pool.HikariPool        : HikariPool-1 - Added connection org.postgresql.jdbc.PgConnection@53aa38be
2024-11-08T13:16:23.410-03:00  INFO 17968 --- [zouk-albums] [           main] com.zaxxer.hikari.HikariDataSource       : HikariPool-1 - Start completed.
2024-11-08T13:16:23.772-03:00  INFO 17968 --- [zouk-albums] [           main] o.s.b.a.w.s.WelcomePageHandlerMapping    : Adding welcome page template: index
2024-11-08T13:16:23.921-03:00  INFO 17968 --- [zouk-albums] [           main] i.z.z.ZoukAlbumApplicationTests          : Started ZoukAlbumApplicationTests in 1.701 seconds (process running for 2.251)
]]></system-out>
    <system-err><![CDATA[WARNING: A Java agent has been loaded dynamically (/Users/valdemar.barros/.m2/repository/net/bytebuddy/byte-buddy-agent/1.14.19/byte-buddy-agent-1.14.19.jar)
WARNING: If a serviceability tool is in use, please run with -XX:+EnableDynamicAgentLoading to hide this warning
WARNING: If a serviceability tool is not in use, please run with -Djdk.instrument.traceUsage for more information
WARNING: Dynamic loading of agents will be disallowed by default in a future release
]]></system-err>
  </testcase>
</testsuite>